
Showing logs for build [32mcb-kubecd-environment-pr-561-2-fj2zh-1[0m stage [32mfrom-build-pack[0m and container [32mstep-credential-initializer-mwcf9[0m
{"level":"info","ts":1591895412.5285382,"logger":"fallback-logger","caller":"logging/config.go:69","msg":"Fetch GitHub commit ID from kodata failed: open /var/run/ko/refs/heads/0.8.0-ns-support: no such file or directory"}
{"level":"info","ts":1591895412.5292785,"logger":"fallback-logger","caller":"creds-init/main.go:40","msg":"Credentials initialized."}

Showing logs for build [32mcb-kubecd-environment-pr-561-2-fj2zh-1[0m stage [32mfrom-build-pack[0m and container [32mstep-working-dir-initializer-dcggs[0m
{"level":"info","ts":1591895413.9285467,"logger":"fallback-logger","caller":"logging/config.go:69","msg":"Fetch GitHub commit ID from kodata failed: open /var/run/ko/HEAD: no such file or directory"}
{"level":"info","ts":1591895413.9306133,"logger":"fallback-logger","caller":"bash/main.go:64","msg":"Successfully executed command \"sh -c mkdir -p /workspace/source\"; output "}

Showing logs for build [32mcb-kubecd-environment-pr-561-2-fj2zh-1[0m stage [32mfrom-build-pack[0m and container [32mstep-place-tools[0m

Showing logs for build [32mcb-kubecd-environment-pr-561-2-fj2zh-1[0m stage [32mfrom-build-pack[0m and container [32mstep-git-source-cb-kubecd-environment-pr-561-2-fj2zh-5cgf8[0m
{"level":"info","ts":1591895416.9720345,"logger":"fallback-logger","caller":"logging/config.go:69","msg":"Fetch GitHub commit ID from kodata failed: open /var/run/ko/refs/heads/0.8.0-ns-support: no such file or directory"}
{"level":"info","ts":1591895418.019218,"logger":"fallback-logger","caller":"git/git.go:103","msg":"Successfully cloned https://github.com/cb-kubecd/environment-pr-561-2-bdd-frontend-staging.git @ master in path /workspace/source"}

Showing logs for build [32mcb-kubecd-environment-pr-561-2-fj2zh-1[0m stage [32mfrom-build-pack[0m and container [32mstep-git-merge[0m
Using SHAs from PULL_REFS=master:1618c21b02a428bbfd3e1ef51bc9fdde8c252a09,1:034d83f701bc4829ee0a692f0b33e8dead0d3864
DEBUG: LC_ALL=C JX_LOG_LEVEL=error git fetch origin --unshallow 034d83f701bc4829ee0a692f0b33e8dead0d3864: 1618c21b02a428bbfd3e1ef51bc9fdde8c252a09:
DEBUG: ran git fetch --unshallow origin 034d83f701bc4829ee0a692f0b33e8dead0d3864: 1618c21b02a428bbfd3e1ef51bc9fdde8c252a09: in 
DEBUG: LC_ALL=C JX_LOG_LEVEL=error git branch
DEBUG: JX_LOG_LEVEL=error LC_ALL=C git checkout master
DEBUG: ran git checkout master in 
DEBUG: LC_ALL=C JX_LOG_LEVEL=error git reset --hard 1618c21b02a428bbfd3e1ef51bc9fdde8c252a09
DEBUG: ran git reset --hard 1618c21b02a428bbfd3e1ef51bc9fdde8c252a09 in 
DEBUG: LC_ALL=C JX_LOG_LEVEL=error git clean -fd .
DEBUG: ran clean --force -d . in 
DEBUG: LC_ALL=C JX_LOG_LEVEL=error git merge 034d83f701bc4829ee0a692f0b33e8dead0d3864
DEBUG: ran git merge 034d83f701bc4829ee0a692f0b33e8dead0d3864 in 
DEBUG: LC_ALL=C JX_LOG_LEVEL=error git log --format=%H%x1f%an%x1f%ae%x1f%cn%x1f%ce%x1f%s%n%b%x1e 1618c21b02a428bbfd3e1ef51bc9fdde8c252a09..HEAD
Merged SHA 034d83f701bc4829ee0a692f0b33e8dead0d3864 with commit message 'chore: Promote bdd-nh-1591894354 to version 0.0.1' into base branch master

Showing logs for build [32mcb-kubecd-environment-pr-561-2-fj2zh-1[0m stage [32mfrom-build-pack[0m and container [32mstep-build-helm-build[0m
WARNING: No $CHART_REPOSITORY defined so using the default value of: http://jenkins-x-chartmuseum:8080
Adding missing Helm repo: storage.googleapis.com https://storage.googleapis.com/chartmuseum.jenkins-x.io
WARNING: No secrets found on "helm/repos" due: reading the secret "helm/repos" from vault: no secret "helm/repos" not found in vault
Read credentials for https://storage.googleapis.com/chartmuseum.jenkins-x.io from vault helm/repos
Successfully added Helm repository storage.googleapis.com.
Adding missing Helm repo: jenkins-x-chartmuseum http://jenkins-x-chartmuseum:8080
WARNING: No secrets found on "helm/repos" due: reading the secret "helm/repos" from vault: no secret "helm/repos" not found in vault
Read credentials for http://jenkins-x-chartmuseum:8080 from vault helm/repos
Successfully added Helm repository jenkins-x-chartmuseum.
WARNING: No $CHART_REPOSITORY defined so using the default value of: http://jenkins-x-chartmuseum:8080
Adding missing Helm repo: chartmuseum.jenkins-x.io http://chartmuseum.jenkins-x.io
WARNING: No secrets found on "helm/repos" due: reading the secret "helm/repos" from vault: no secret "helm/repos" not found in vault
Read credentials for http://chartmuseum.jenkins-x.io from vault helm/repos
Successfully added Helm repository chartmuseum.jenkins-x.io.
